<?xml version="1.0" encoding="UTF-8"?>
<testsuite name="com.grekz.crudKotlin.CrudKotlinApplicationTests" tests="1" skipped="0" failures="0" errors="0" timestamp="2020-04-05T19:07:11" hostname="C02ZQ5D6MD6T" time="0.206">
  <properties/>
  <testcase name="contextLoads()" classname="com.grekz.crudKotlin.CrudKotlinApplicationTests" time="0.206"/>
  <system-out><![CDATA[21:07:08.030 [Test worker] DEBUG org.springframework.test.context.BootstrapUtils - Instantiating CacheAwareContextLoaderDelegate from class [org.springframework.test.context.cache.DefaultCacheAwareContextLoaderDelegate]
21:07:08.039 [Test worker] DEBUG org.springframework.test.context.BootstrapUtils - Instantiating BootstrapContext using constructor [public org.springframework.test.context.support.DefaultBootstrapContext(java.lang.Class,org.springframework.test.context.CacheAwareContextLoaderDelegate)]
21:07:08.061 [Test worker] DEBUG org.springframework.test.context.BootstrapUtils - Instantiating TestContextBootstrapper for test class [com.grekz.crudKotlin.CrudKotlinApplicationTests] from class [org.springframework.boot.test.context.SpringBootTestContextBootstrapper]
21:07:08.075 [Test worker] INFO org.springframework.boot.test.context.SpringBootTestContextBootstrapper - Neither @ContextConfiguration nor @ContextHierarchy found for test class [com.grekz.crudKotlin.CrudKotlinApplicationTests], using SpringBootContextLoader
21:07:08.080 [Test worker] DEBUG org.springframework.test.context.support.AbstractContextLoader - Did not detect default resource location for test class [com.grekz.crudKotlin.CrudKotlinApplicationTests]: class path resource [com/grekz/crudKotlin/CrudKotlinApplicationTests-context.xml] does not exist
21:07:08.081 [Test worker] DEBUG org.springframework.test.context.support.AbstractContextLoader - Did not detect default resource location for test class [com.grekz.crudKotlin.CrudKotlinApplicationTests]: class path resource [com/grekz/crudKotlin/CrudKotlinApplicationTestsContext.groovy] does not exist
21:07:08.081 [Test worker] INFO org.springframework.test.context.support.AbstractContextLoader - Could not detect default resource locations for test class [com.grekz.crudKotlin.CrudKotlinApplicationTests]: no resource found for suffixes {-context.xml, Context.groovy}.
21:07:08.082 [Test worker] INFO org.springframework.test.context.support.AnnotationConfigContextLoaderUtils - Could not detect default configuration classes for test class [com.grekz.crudKotlin.CrudKotlinApplicationTests]: CrudKotlinApplicationTests does not declare any static, non-private, non-final, nested classes annotated with @Configuration.
21:07:08.113 [Test worker] DEBUG org.springframework.test.context.support.ActiveProfilesUtils - Could not find an 'annotation declaring class' for annotation type [org.springframework.test.context.ActiveProfiles] and class [com.grekz.crudKotlin.CrudKotlinApplicationTests]
21:07:08.158 [Test worker] DEBUG org.springframework.context.annotation.ClassPathScanningCandidateComponentProvider - Identified candidate component class: file [/Users/j.mendoza.2/git/kotlin-crud/crudKotlinGraphQL/build/classes/kotlin/main/com/grekz/crudKotlin/CrudKotlinApplication.class]
21:07:08.160 [Test worker] INFO org.springframework.boot.test.context.SpringBootTestContextBootstrapper - Found @SpringBootConfiguration com.grekz.crudKotlin.CrudKotlinApplication for test class com.grekz.crudKotlin.CrudKotlinApplicationTests
21:07:08.222 [Test worker] DEBUG org.springframework.boot.test.context.SpringBootTestContextBootstrapper - @TestExecutionListeners is not present for class [com.grekz.crudKotlin.CrudKotlinApplicationTests]: using defaults.
21:07:08.223 [Test worker] INFO org.springframework.boot.test.context.SpringBootTestContextBootstrapper - Loaded default TestExecutionListener class names from location [META-INF/spring.factories]: [org.springframework.boot.test.autoconfigure.restdocs.RestDocsTestExecutionListener, org.springframework.boot.test.autoconfigure.web.client.MockRestServiceServerResetTestExecutionListener, org.springframework.boot.test.autoconfigure.web.servlet.MockMvcPrintOnlyOnFailureTestExecutionListener, org.springframework.boot.test.autoconfigure.web.servlet.WebDriverTestExecutionListener, org.springframework.boot.test.mock.mockito.MockitoTestExecutionListener, org.springframework.boot.test.mock.mockito.ResetMocksTestExecutionListener, org.springframework.test.context.web.ServletTestExecutionListener, org.springframework.test.context.support.DirtiesContextBeforeModesTestExecutionListener, org.springframework.test.context.support.DependencyInjectionTestExecutionListener, org.springframework.test.context.support.DirtiesContextTestExecutionListener, org.springframework.test.context.transaction.TransactionalTestExecutionListener, org.springframework.test.context.jdbc.SqlScriptsTestExecutionListener, org.springframework.test.context.event.EventPublishingTestExecutionListener]
21:07:08.234 [Test worker] INFO org.springframework.boot.test.context.SpringBootTestContextBootstrapper - Using TestExecutionListeners: [org.springframework.test.context.web.ServletTestExecutionListener@4d3a24d1, org.springframework.test.context.support.DirtiesContextBeforeModesTestExecutionListener@266dffa6, org.springframework.boot.test.mock.mockito.MockitoTestExecutionListener@25ea268f, org.springframework.boot.test.autoconfigure.SpringBootDependencyInjectionTestExecutionListener@247339f3, org.springframework.test.context.support.DirtiesContextTestExecutionListener@38f38d00, org.springframework.test.context.transaction.TransactionalTestExecutionListener@71aac577, org.springframework.test.context.jdbc.SqlScriptsTestExecutionListener@5004b93, org.springframework.test.context.event.EventPublishingTestExecutionListener@38015661, org.springframework.boot.test.autoconfigure.restdocs.RestDocsTestExecutionListener@1cbe57ec, org.springframework.boot.test.autoconfigure.web.client.MockRestServiceServerResetTestExecutionListener@3b18b871, org.springframework.boot.test.autoconfigure.web.servlet.MockMvcPrintOnlyOnFailureTestExecutionListener@3c432052, org.springframework.boot.test.autoconfigure.web.servlet.WebDriverTestExecutionListener@e43dbe5, org.springframework.boot.test.mock.mockito.ResetMocksTestExecutionListener@602cecf6]
21:07:08.239 [Test worker] DEBUG org.springframework.test.context.support.AbstractDirtiesContextTestExecutionListener - Before test class: context [DefaultTestContext@83fe5c1 testClass = CrudKotlinApplicationTests, testInstance = [null], testMethod = [null], testException = [null], mergedContextConfiguration = [WebMergedContextConfiguration@7a410d21 testClass = CrudKotlinApplicationTests, locations = '{}', classes = '{class com.grekz.crudKotlin.CrudKotlinApplication}', contextInitializerClasses = '[]', activeProfiles = '{}', propertySourceLocations = '{}', propertySourceProperties = '{org.springframework.boot.test.context.SpringBootTestContextBootstrapper=true}', contextCustomizers = set[org.springframework.boot.test.autoconfigure.properties.PropertyMappingContextCustomizer@0, org.springframework.boot.test.autoconfigure.web.servlet.WebDriverContextCustomizerFactory$Customizer@e38ecbb, org.springframework.boot.test.context.filter.ExcludeFilterContextCustomizer@bedefc8, org.springframework.boot.test.json.DuplicateJsonObjectContextCustomizerFactory$DuplicateJsonObjectContextCustomizer@ffb4b3e, org.springframework.boot.test.mock.mockito.MockitoContextCustomizer@0, org.springframework.boot.test.web.client.TestRestTemplateContextCustomizer@5477523], resourceBasePath = 'src/main/webapp', contextLoader = 'org.springframework.boot.test.context.SpringBootContextLoader', parent = [null]], attributes = map['org.springframework.test.context.web.ServletTestExecutionListener.activateListener' -> true]], class annotated with @DirtiesContext [false] with mode [null].
21:07:08.258 [Test worker] DEBUG org.springframework.test.context.support.TestPropertySourceUtils - Adding inlined properties to environment: {spring.jmx.enabled=false, org.springframework.boot.test.context.SpringBootTestContextBootstrapper=true, server.port=-1}

  .   ____          _            __ _ _
 /\\ / ___'_ __ _ _(_)_ __  __ _ \ \ \ \
( ( )\___ | '_ | '_| | '_ \/ _` | \ \ \ \
 \\/  ___)| |_)| | | | | || (_| |  ) ) ) )
  '  |____| .__|_| |_|_| |_\__, | / / / /
 =========|_|==============|___/=/_/_/_/
 :: Spring Boot ::        (v2.2.5.RELEASE)

2020-04-05 21:07:08.519  INFO 7167 --- [    Test worker] c.g.c.CrudKotlinApplicationTests         : Starting CrudKotlinApplicationTests on C02ZQ5D6MD6T with PID 7167 (started by j.mendoza.2 in /Users/j.mendoza.2/git/kotlin-crud/crudKotlinGraphQL)
2020-04-05 21:07:08.521  INFO 7167 --- [    Test worker] c.g.c.CrudKotlinApplicationTests         : No active profile set, falling back to default profiles: default
2020-04-05 21:07:09.097  INFO 7167 --- [    Test worker] .s.d.r.c.RepositoryConfigurationDelegate : Bootstrapping Spring Data JPA repositories in DEFAULT mode.
2020-04-05 21:07:09.142  INFO 7167 --- [    Test worker] .s.d.r.c.RepositoryConfigurationDelegate : Finished Spring Data repository scanning in 38ms. Found 1 JPA repository interfaces.
2020-04-05 21:07:09.649  INFO 7167 --- [    Test worker] o.f.c.internal.license.VersionPrinter    : Flyway Community Edition 6.0.8 by Redgate
2020-04-05 21:07:09.654  INFO 7167 --- [    Test worker] com.zaxxer.hikari.HikariDataSource       : HikariPool-1 - Starting...
2020-04-05 21:07:09.953  INFO 7167 --- [    Test worker] com.zaxxer.hikari.HikariDataSource       : HikariPool-1 - Start completed.
2020-04-05 21:07:09.990  INFO 7167 --- [    Test worker] o.f.c.internal.database.DatabaseFactory  : Database: jdbc:mysql://localhost:3306/kotlin_crud_db (MySQL 8.0)
2020-04-05 21:07:10.034  INFO 7167 --- [    Test worker] o.f.core.internal.command.DbValidate     : Successfully validated 4 migrations (execution time 00:00.022s)
2020-04-05 21:07:10.051  INFO 7167 --- [    Test worker] o.f.core.internal.command.DbMigrate      : Current version of schema `kotlin_crud_db`: 4
2020-04-05 21:07:10.053  INFO 7167 --- [    Test worker] o.f.core.internal.command.DbMigrate      : Schema `kotlin_crud_db` is up to date. No migration necessary.
2020-04-05 21:07:10.176  INFO 7167 --- [    Test worker] o.hibernate.jpa.internal.util.LogHelper  : HHH000204: Processing PersistenceUnitInfo [name: default]
2020-04-05 21:07:10.241  INFO 7167 --- [    Test worker] org.hibernate.Version                    : HHH000412: Hibernate ORM core version 5.4.12.Final
2020-04-05 21:07:10.358  INFO 7167 --- [    Test worker] o.hibernate.annotations.common.Version   : HCANN000001: Hibernate Commons Annotations {5.1.0.Final}
2020-04-05 21:07:10.437  INFO 7167 --- [    Test worker] org.hibernate.dialect.Dialect            : HHH000400: Using dialect: org.hibernate.dialect.MySQL5InnoDBDialect
2020-04-05 21:07:10.746  INFO 7167 --- [    Test worker] o.h.e.t.j.p.i.JtaPlatformInitiator       : HHH000490: Using JtaPlatform implementation: [org.hibernate.engine.transaction.jta.platform.internal.NoJtaPlatform]
2020-04-05 21:07:10.751  INFO 7167 --- [    Test worker] j.LocalContainerEntityManagerFactoryBean : Initialized JPA EntityManagerFactory for persistence unit 'default'
2020-04-05 21:07:11.465  WARN 7167 --- [    Test worker] JpaBaseConfiguration$JpaWebConfiguration : spring.jpa.open-in-view is enabled by default. Therefore, database queries may be performed during view rendering. Explicitly configure spring.jpa.open-in-view to disable this warning
2020-04-05 21:07:11.592  INFO 7167 --- [    Test worker] o.s.s.concurrent.ThreadPoolTaskExecutor  : Initializing ExecutorService 'applicationTaskExecutor'
2020-04-05 21:07:11.939  INFO 7167 --- [    Test worker] c.g.c.CrudKotlinApplicationTests         : Started CrudKotlinApplicationTests in 3.674 seconds (JVM running for 4.532)
]]></system-out>
  <system-err><![CDATA[]]></system-err>
</testsuite>
